<?xml version="1.0" encoding="UTF-8"?>
<!-- Generated by org.testng.reporters.JUnitXMLReporter -->
<testsuite hostname="fauziprofio" failures="1" tests="2" name="Validating Title" time="74.812" errors="0" timestamp="23 Mar 2020 08:58:47 GMT">
  <testcase classname="Academy.ValidateTitle" name="validateHeader" time="0.079">
    <failure type="java.lang.NullPointerException">
      <![CDATA[java.lang.NullPointerException
	at Academy.ValidateTitle.validateHeader(ValidateTitle.java:40)
	at org.apache.maven.surefire.testng.TestNGExecutor.run(TestNGExecutor.java:283)
	at org.apache.maven.surefire.testng.TestNGXmlTestSuite.execute(TestNGXmlTestSuite.java:75)
	at org.apache.maven.surefire.testng.TestNGProvider.invoke(TestNGProvider.java:120)
	at org.apache.maven.surefire.booter.ForkedBooter.runSuitesInProcess(ForkedBooter.java:377)
	at org.apache.maven.surefire.booter.ForkedBooter.execute(ForkedBooter.java:138)
	at org.apache.maven.surefire.booter.ForkedBooter.run(ForkedBooter.java:465)
	at org.apache.maven.surefire.booter.ForkedBooter.main(ForkedBooter.java:451)
... Removed 21 stack frames]]>
    </failure>
  </testcase> <!-- validateHeader -->
  <testcase classname="Academy.ValidateTitle" name="validateTitle" time="1.053"/>
</testsuite> <!-- Validating Title -->
